<?xml version="1.0" encoding="UTF-8"?>
<Site BuildName="(empty)"
	BuildStamp="20230608-1715-Experimental"
	Name="(empty)"
	Generator="ctest-3.26.3"
	CompilerName=""
	CompilerVersion=""
	OSName="Windows"
	Hostname="DESKTOP-40M3GMV"
	OSRelease=" Personal"
	OSVersion=" (Build 19045)"
	OSPlatform="AMD64"
	Is64Bits="1"
	VendorString="GenuineIntel"
	VendorID="Intel Corporation"
	FamilyID="6"
	ModelID="14"
	ProcessorCacheSize="-1"
	NumberOfLogicalCPU="8"
	NumberOfPhysicalCPU="4"
	TotalVirtualMemory="28001"
	TotalPhysicalMemory="16225"
	LogicalProcessorsPerPhysical="2"
	ProcessorClockFrequency="3096"
	>
	<Testing>
		<StartDateTime>Jun 08 20:15 FLE Summer Time</StartDateTime>
		<StartTestTime>1686244535</StartTestTime>
		<TestList/>
		<EndDateTime>Jun 08 20:15 FLE Summer Time</EndDateTime>
		<EndTestTime>1686244535</EndTestTime>
		<ElapsedMinutes>0</ElapsedMinutes>
	</Testing>
</Site>
